time="2023-02-13T23:55:33+03:00" level=info msg="create router" func="main.main()" file="main.go:24"
time="2023-02-13T23:55:33+03:00" level=info msg="Getting configuration" func="github.com/KatachiNo/Perr/internal/config.GetConfig.func1()" file="config.go:31"
time="2023-02-13T23:55:33+03:00" level=info msg="Environment variables:\n  PASSWORD int\n    \t (default \"1234\")" func="github.com/KatachiNo/Perr/internal/config.GetConfig.func1()" file="config.go:36"
time="2023-02-13T23:55:33+03:00" level=fatal msg="open ../../configs/config.yaml: no such file or directory" func="github.com/KatachiNo/Perr/internal/config.GetConfig.func1()" file="config.go:37"
time="2023-02-13T23:57:51+03:00" level=info msg="create router" func="main.main()" file="main.go:24"
time="2023-02-13T23:57:51+03:00" level=info msg="Getting configuration" func="github.com/KatachiNo/Perr/internal/config.GetConfig.func1()" file="config.go:32"
time="2023-02-13T23:57:51+03:00" level=info msg="Environment variables:\n  PASSWORD int\n    \t (default \"1234\")" func="github.com/KatachiNo/Perr/internal/config.GetConfig.func1()" file="config.go:37"
time="2023-02-13T23:57:51+03:00" level=fatal msg="open /../../configs/config.yaml: no such file or directory" func="github.com/KatachiNo/Perr/internal/config.GetConfig.func1()" file="config.go:38"
time="2023-02-13T23:59:46+03:00" level=info msg="create router" func="main.main()" file="main.go:24"
time="2023-02-13T23:59:46+03:00" level=info msg="Getting configuration" func="github.com/KatachiNo/Perr/internal/config.GetConfig.func1()" file="config.go:32"
time="2023-02-13T23:59:46+03:00" level=info msg="Environment variables:\n  PASSWORD int\n    \t (default \"1234\")" func="github.com/KatachiNo/Perr/internal/config.GetConfig.func1()" file="config.go:37"
time="2023-02-13T23:59:46+03:00" level=fatal msg="open ./../../configs/config.yaml: no such file or directory" func="github.com/KatachiNo/Perr/internal/config.GetConfig.func1()" file="config.go:38"
time="2023-02-14T00:02:28+03:00" level=info msg="create router" func="main.main()" file="main.go:24"
time="2023-02-14T00:02:28+03:00" level=info msg="Getting configuration" func="github.com/KatachiNo/Perr/internal/config.GetConfig.func1()" file="config.go:32"
time="2023-02-14T00:02:28+03:00" level=info msg="Environment variables:\n  PASSWORD int\n    \t (default \"1234\")" func="github.com/KatachiNo/Perr/internal/config.GetConfig.func1()" file="config.go:37"
time="2023-02-14T00:02:28+03:00" level=fatal msg="open ../configs/config.yaml: no such file or directory" func="github.com/KatachiNo/Perr/internal/config.GetConfig.func1()" file="config.go:38"
time="2023-02-14T00:02:58+03:00" level=info msg="create router" func="main.main()" file="main.go:24"
time="2023-02-14T00:02:58+03:00" level=info msg="Getting configuration" func="github.com/KatachiNo/Perr/internal/config.GetConfig.func1()" file="config.go:32"
time="2023-02-14T00:02:58+03:00" level=info msg="Environment variables:\n  PASSWORD int\n    \t (default \"1234\")" func="github.com/KatachiNo/Perr/internal/config.GetConfig.func1()" file="config.go:37"
time="2023-02-14T00:02:58+03:00" level=fatal msg="open ../../../configs/config.yaml: no such file or directory" func="github.com/KatachiNo/Perr/internal/config.GetConfig.func1()" file="config.go:38"
time="2023-02-14T00:03:22+03:00" level=info msg="create router" func="main.main()" file="main.go:24"
time="2023-02-14T00:03:22+03:00" level=info msg="Getting configuration" func="github.com/KatachiNo/Perr/internal/config.GetConfig.func1()" file="config.go:32"
time="2023-02-14T00:03:22+03:00" level=info msg="Environment variables:\n  PASSWORD int\n    \t (default \"1234\")" func="github.com/KatachiNo/Perr/internal/config.GetConfig.func1()" file="config.go:37"
time="2023-02-14T00:03:22+03:00" level=fatal msg="open /../../../configs/config.yaml: no such file or directory" func="github.com/KatachiNo/Perr/internal/config.GetConfig.func1()" file="config.go:38"
time="2023-02-14T00:06:23+03:00" level=info msg="create router" func="main.main()" file="main.go:24"
time="2023-02-14T00:06:23+03:00" level=info msg="Getting configuration" func="github.com/KatachiNo/Perr/internal/config.GetConfig.func1()" file="config.go:32"
time="2023-02-14T00:06:23+03:00" level=info msg="Environment variables:\n  PASSWORD int\n    \t (default \"1234\")" func="github.com/KatachiNo/Perr/internal/config.GetConfig.func1()" file="config.go:37"
time="2023-02-14T00:06:23+03:00" level=fatal msg="open ../../configs/config.yaml: no such file or directory" func="github.com/KatachiNo/Perr/internal/config.GetConfig.func1()" file="config.go:38"
time="2023-02-14T00:06:48+03:00" level=info msg="create router" func="main.main()" file="main.go:24"
time="2023-02-14T00:06:48+03:00" level=info msg="Getting configuration" func="github.com/KatachiNo/Perr/internal/config.GetConfig.func1()" file="config.go:32"
time="2023-02-14T00:06:48+03:00" level=info msg="Environment variables:\n  PASSWORD int\n    \t (default \"1234\")" func="github.com/KatachiNo/Perr/internal/config.GetConfig.func1()" file="config.go:37"
time="2023-02-14T00:06:48+03:00" level=fatal msg="open config.yaml: no such file or directory" func="github.com/KatachiNo/Perr/internal/config.GetConfig.func1()" file="config.go:38"
time="2023-02-14T00:08:44+03:00" level=info msg="create router" func="main.main()" file="main.go:24"
time="2023-02-14T00:08:44+03:00" level=info msg="Getting configuration" func="github.com/KatachiNo/Perr/internal/config.GetConfig.func1()" file="config.go:32"
time="2023-02-14T00:08:44+03:00" level=info msg="Environment variables:\n  PASSWORD int\n    \t (default \"1234\")" func="github.com/KatachiNo/Perr/internal/config.GetConfig.func1()" file="config.go:37"
time="2023-02-14T00:08:44+03:00" level=fatal msg="open config.yml: no such file or directory" func="github.com/KatachiNo/Perr/internal/config.GetConfig.func1()" file="config.go:38"
time="2023-02-14T00:08:59+03:00" level=info msg="create router" func="main.main()" file="main.go:24"
time="2023-02-14T00:08:59+03:00" level=info msg="Getting configuration" func="github.com/KatachiNo/Perr/internal/config.GetConfig.func1()" file="config.go:32"
time="2023-02-14T00:08:59+03:00" level=info msg="Environment variables:\n  PASSWORD int\n    \t (default \"1234\")" func="github.com/KatachiNo/Perr/internal/config.GetConfig.func1()" file="config.go:37"
time="2023-02-14T00:08:59+03:00" level=fatal msg="open config.yaml: no such file or directory" func="github.com/KatachiNo/Perr/internal/config.GetConfig.func1()" file="config.go:38"
time="2023-02-14T00:09:59+03:00" level=info msg="create router" func="main.main()" file="main.go:24"
time="2023-02-14T00:09:59+03:00" level=info msg="Getting configuration" func="github.com/KatachiNo/Perr/internal/config.GetConfig.func1()" file="config.go:32"
time="2023-02-14T00:09:59+03:00" level=info msg="Environment variables:\n  PASSWORD int\n    \t (default \"1234\")" func="github.com/KatachiNo/Perr/internal/config.GetConfig.func1()" file="config.go:37"
time="2023-02-14T00:09:59+03:00" level=fatal msg="open config.yaml: no such file or directory" func="github.com/KatachiNo/Perr/internal/config.GetConfig.func1()" file="config.go:38"
time="2023-02-14T00:10:26+03:00" level=info msg="create router" func="main.main()" file="main.go:24"
time="2023-02-14T00:10:26+03:00" level=info msg="Getting configuration" func="github.com/KatachiNo/Perr/internal/config.GetConfig.func1()" file="config.go:32"
time="2023-02-14T00:10:26+03:00" level=info msg="Environment variables:\n  PASSWORD int\n    \t (default \"1234\")" func="github.com/KatachiNo/Perr/internal/config.GetConfig.func1()" file="config.go:37"
time="2023-02-14T00:10:26+03:00" level=fatal msg="open config.yaml: no such file or directory" func="github.com/KatachiNo/Perr/internal/config.GetConfig.func1()" file="config.go:38"
time="2023-02-14T00:10:40+03:00" level=info msg="create router" func="main.main()" file="main.go:24"
time="2023-02-14T00:10:40+03:00" level=info msg="Getting configuration" func="github.com/KatachiNo/Perr/internal/config.GetConfig.func1()" file="config.go:32"
time="2023-02-14T00:10:40+03:00" level=info msg="register user handler" func="main.main()" file="main.go:29"
time="2023-02-14T00:10:40+03:00" level=info msg="starting application . . ." func="main.start()" file="main.go:56"
time="2023-02-14T00:10:40+03:00" level=info msg="listen tcp" func="main.getListener()" file="main.go:93"
time="2023-02-14T00:10:40+03:00" level=fatal msg="listen tcp: address %s8080: missing port in address" func="main.start()" file="main.go:60"
time="2023-02-14T00:10:42+03:00" level=info msg="create router" func="main.main()" file="main.go:24"
time="2023-02-14T00:10:42+03:00" level=info msg="Getting configuration" func="github.com/KatachiNo/Perr/internal/config.GetConfig.func1()" file="config.go:32"
time="2023-02-14T00:10:42+03:00" level=info msg="register user handler" func="main.main()" file="main.go:29"
time="2023-02-14T00:10:42+03:00" level=info msg="starting application . . ." func="main.start()" file="main.go:56"
time="2023-02-14T00:10:42+03:00" level=info msg="listen tcp" func="main.getListener()" file="main.go:93"
time="2023-02-14T00:10:42+03:00" level=fatal msg="listen tcp: address %s8080: missing port in address" func="main.start()" file="main.go:60"
time="2023-02-14T00:10:52+03:00" level=info msg="create router" func="main.main()" file="main.go:24"
time="2023-02-14T00:10:52+03:00" level=info msg="Getting configuration" func="github.com/KatachiNo/Perr/internal/config.GetConfig.func1()" file="config.go:32"
time="2023-02-14T00:10:52+03:00" level=info msg="Environment variables:\n  PASSWORD int\n    \t (default \"1234\")" func="github.com/KatachiNo/Perr/internal/config.GetConfig.func1()" file="config.go:37"
time="2023-02-14T00:10:52+03:00" level=fatal msg="open config.yml: no such file or directory" func="github.com/KatachiNo/Perr/internal/config.GetConfig.func1()" file="config.go:38"
time="2023-02-14T00:11:05+03:00" level=info msg="create router" func="main.main()" file="main.go:24"
time="2023-02-14T00:11:05+03:00" level=info msg="Getting configuration" func="github.com/KatachiNo/Perr/internal/config.GetConfig.func1()" file="config.go:32"
time="2023-02-14T00:11:05+03:00" level=info msg="Environment variables:\n  PASSWORD int\n    \t (default \"1234\")" func="github.com/KatachiNo/Perr/internal/config.GetConfig.func1()" file="config.go:37"
time="2023-02-14T00:11:05+03:00" level=fatal msg="open ../../config.yml: no such file or directory" func="github.com/KatachiNo/Perr/internal/config.GetConfig.func1()" file="config.go:38"
time="2023-02-14T00:11:16+03:00" level=info msg="create router" func="main.main()" file="main.go:24"
time="2023-02-14T00:11:16+03:00" level=info msg="Getting configuration" func="github.com/KatachiNo/Perr/internal/config.GetConfig.func1()" file="config.go:32"
time="2023-02-14T00:11:16+03:00" level=info msg="Environment variables:\n  PASSWORD int\n    \t (default \"1234\")" func="github.com/KatachiNo/Perr/internal/config.GetConfig.func1()" file="config.go:37"
time="2023-02-14T00:11:16+03:00" level=fatal msg="open ../../configs/config.yml: no such file or directory" func="github.com/KatachiNo/Perr/internal/config.GetConfig.func1()" file="config.go:38"
time="2023-02-14T00:11:38+03:00" level=info msg="create router" func="main.main()" file="main.go:24"
time="2023-02-14T00:11:38+03:00" level=info msg="Getting configuration" func="github.com/KatachiNo/Perr/internal/config.GetConfig.func1()" file="config.go:32"
time="2023-02-14T00:11:38+03:00" level=info msg="register user handler" func="main.main()" file="main.go:29"
time="2023-02-14T00:11:38+03:00" level=info msg="starting application . . ." func="main.start()" file="main.go:56"
time="2023-02-14T00:11:38+03:00" level=info msg="listen tcp" func="main.getListener()" file="main.go:93"
time="2023-02-14T00:11:38+03:00" level=fatal msg="listen tcp: address %s8080: missing port in address" func="main.start()" file="main.go:60"
time="2023-02-14T00:14:56+03:00" level=info msg="create router" func="main.main()" file="main.go:25"
time="2023-02-14T00:14:56+03:00" level=info msg="Getting configuration" func="github.com/KatachiNo/Perr/internal/config.GetConfig.func1()" file="config.go:32"
time="2023-02-14T00:14:56+03:00" level=info msg="register user handler" func="main.main()" file="main.go:30"
time="2023-02-14T00:14:56+03:00" level=info msg="starting application . . ." func="main.start()" file="main.go:57"
time="2023-02-14T00:14:56+03:00" level=info msg="listen tcp" func="main.getListener()" file="main.go:94"
time="2023-02-14T00:14:56+03:00" level=fatal msg="listen tcp: address tcp/%s8080: unknown port" func="main.start()" file="main.go:61"
time="2023-02-14T00:15:12+03:00" level=info msg="create router" func="main.main()" file="main.go:25"
time="2023-02-14T00:15:12+03:00" level=info msg="Getting configuration" func="github.com/KatachiNo/Perr/internal/config.GetConfig.func1()" file="config.go:32"
time="2023-02-14T00:15:12+03:00" level=info msg="register user handler" func="main.main()" file="main.go:30"
time="2023-02-14T00:15:12+03:00" level=info msg="starting application . . ." func="main.start()" file="main.go:57"
time="2023-02-14T00:15:12+03:00" level=info msg="listen tcp" func="main.getListener()" file="main.go:94"
time="2023-02-14T00:15:12+03:00" level=info msg="serve and listen by 8080" func="main.start()" file="main.go:71"
time="2023-02-14T00:37:28+03:00" level=info msg="create router" func="main.main()" file="main.go:25"
time="2023-02-14T00:37:28+03:00" level=info msg="Getting configuration" func="github.com/KatachiNo/Perr/internal/config.GetConfig.func1()" file="config.go:32"
time="2023-02-14T00:37:28+03:00" level=info msg="Environment variables:\n  PASSWORD int\n    \t (default \"1234\")" func="github.com/KatachiNo/Perr/internal/config.GetConfig.func1()" file="config.go:37"
time="2023-02-14T00:37:28+03:00" level=fatal msg="open ../../config.yml: no such file or directory" func="github.com/KatachiNo/Perr/internal/config.GetConfig.func1()" file="config.go:38"
time="2023-02-14T00:37:58+03:00" level=info msg="create router" func="main.main()" file="main.go:25"
time="2023-02-14T00:37:58+03:00" level=info msg="Getting configuration" func="github.com/KatachiNo/Perr/internal/config.GetConfig.func1()" file="config.go:32"
time="2023-02-14T00:37:58+03:00" level=info msg="register user handler" func="main.main()" file="main.go:30"
time="2023-02-14T00:37:58+03:00" level=info msg="starting application . . ." func="main.start()" file="main.go:57"
time="2023-02-14T00:37:58+03:00" level=info msg="create socket" func="main.getListener()" file="main.go:106"
time="2023-02-14T00:37:58+03:00" level=info msg="create unix socket" func="main.getListener()" file="main.go:109"
time="2023-02-14T00:37:58+03:00" level=info msg="configuration server type socket" func="main.getListener()" file="main.go:111"
time="2023-02-14T00:39:58+03:00" level=info msg="create router" func="main.main()" file="main.go:25"
time="2023-02-14T00:39:58+03:00" level=info msg="Getting configuration" func="github.com/KatachiNo/Perr/internal/config.GetConfig.func1()" file="config.go:32"
time="2023-02-14T00:39:58+03:00" level=info msg="register user handler" func="main.main()" file="main.go:30"
time="2023-02-14T00:39:58+03:00" level=info msg="starting application . . ." func="main.start()" file="main.go:57"
time="2023-02-14T00:39:58+03:00" level=info msg="listen tcp" func="main.getListener()" file="main.go:93"
time="2023-02-14T00:39:58+03:00" level=info msg="configuration server type port, by port 8080" func="main.getListener()" file="main.go:98"
